\BOOKMARK [1][-]{section.1}{\376\377\000G\000i\036\333\000i\000\040\000t\000h\000i\036\307\000u}{}% 1
\BOOKMARK [1][-]{section.2}{\376\377\000C\001\241\000\040\000s\036\337\000\040\000l\000\375\000\040\000t\000h\000u\000y\036\277\000t}{}% 2
\BOOKMARK [2][-]{subsection.2.1}{\376\377\000K\036\371\000\040\000t\000h\000u\036\255\000t\000\040\000x\036\355\000\040\000l\000\375\000\040\000t\000\355\000n\000\040\000h\000i\036\307\000u\000\040\000s\036\321}{section.2}% 3
\BOOKMARK [3][-]{subsubsection.2.1.1}{\376\377\000L\000\375\000\040\000t\000h\000u\000y\036\277\000t\000\040\000B\036\331\000\040\000l\036\315\000c\000\040\000T\000h\000\364\000n\000g\000\040\000d\036\243\000i\000\040\000\050\000B\000a\000n\000d\000p\000a\000s\000s\000\040\000F\000i\000l\000t\000e\000r\000\051}{subsection.2.1}% 4
\BOOKMARK [3][-]{subsubsection.2.1.2}{\376\377\000X\036\245\000p\000\040\000x\036\311\000\040\000B\000u\000t\000t\000e\000r\000w\000o\000r\000t\000h}{subsection.2.1}% 5
\BOOKMARK [3][-]{subsubsection.2.1.3}{\376\377\000H\000i\036\307\000n\000\040\000t\000h\036\361\000c\000\040\000h\000\363\000a\000\040\000t\000r\000o\000n\000g\000\040\000m\000i\036\301\000n\000\040\000s\036\321\000\040\000\050\000D\000i\000g\000i\000t\000a\000l\000\040\000I\000m\000p\000l\000e\000m\000e\000n\000t\000a\000t\000i\000o\000n\000\051}{subsection.2.1}% 6
\BOOKMARK [2][-]{subsection.2.2}{\376\377\000H\000u\036\245\000n\000\040\000l\000u\000y\036\307\000n\000\040\000m\000\364\000\040\000h\000\354\000n\000h\000\040\000n\000h\036\255\000n\000\040\000d\000i\036\307\000n\000\040\000\342\000m\000\040\000t\000h\000a\000n\000h}{section.2}% 7
\BOOKMARK [3][-]{subsubsection.2.2.1}{\376\377\000B\000i\036\303\000u\000\040\000d\000i\036\305\000n\000\040\001\021\036\267\000c\000\040\000t\000r\001\260\000n\000g\000\040\000L\000o\000g\000-\000M\000e\000l\000\040\000S\000p\000e\000c\000t\000r\000o\000g\000r\000a\000m}{subsection.2.2}% 8
\BOOKMARK [3][-]{subsubsection.2.2.2}{\376\377\000C\000h\000u\036\251\000n\000\040\000h\000\363\000a\000\040\000d\036\357\000\040\000l\000i\036\307\000u\000\040\000\050\000D\000a\000t\000a\000\040\000N\000o\000r\000m\000a\000l\000i\000z\000a\000t\000i\000o\000n\000\051}{subsection.2.2}% 9
\BOOKMARK [3][-]{subsubsection.2.2.3}{\376\377\000D\000a\000t\000a\000\040\000A\000u\000g\000m\000e\000n\000t\000a\000t\000i\000o\000n\000\040\001\021\036\303\000\040\000t\001\003\000n\000g\000\040\000k\000h\036\243\000\040\000n\001\003\000n\000g\000\040\000t\036\325\000n\000g\000\040\000q\000u\000\341\000t\000\040\000h\000\363\000a}{subsection.2.2}% 10
\BOOKMARK [3][-]{subsubsection.2.2.4}{\376\377\000K\000i\036\277\000n\000\040\000t\000r\000\372\000c\000\040\000C\000N\000N\000\040\000c\000h\000o\000\040\000p\000h\000\342\000n\000\040\000l\000o\036\241\000i\000\040\000\342\000m\000\040\000t\000h\000a\000n\000h}{subsection.2.2}% 11
\BOOKMARK [3][-]{subsubsection.2.2.5}{\376\377\000H\000\340\000m\000\040\000m\036\245\000t\000\040\000m\000\341\000t\000\040\000C\000r\000o\000s\000s\000-\000E\000n\000t\000r\000o\000p\000y\000\040\000v\000\340\000\040\000L\000a\000b\000e\000l\000\040\000S\000m\000o\000o\000t\000h\000i\000n\000g}{subsection.2.2}% 12
\BOOKMARK [3][-]{subsubsection.2.2.6}{\376\377\000T\036\321\000i\000\040\001\260\000u\000\040\000h\000\363\000a\000\040\000v\000\340\000\040\000c\000h\000i\036\277\000n\000\040\000l\001\260\036\343\000c\000\040\000h\036\315\000c}{subsection.2.2}% 13
\BOOKMARK [3][-]{subsubsection.2.2.7}{\376\377\000M\036\245\000t\000\040\000c\000\342\000n\000\040\000b\036\261\000n\000g\000\040\000l\036\333\000p\000\040\000v\000\340\000\040\000C\000l\000a\000s\000s\000\040\000W\000e\000i\000g\000h\000t}{subsection.2.2}% 14
\BOOKMARK [3][-]{subsubsection.2.2.8}{\376\377\000C\000h\000i\036\277\000n\000\040\000l\001\260\036\343\000c\000\040\000h\000u\036\245\000n\000\040\000l\000u\000y\036\307\000n\000\040\000v\000\340\000\040\001\021\000\341\000n\000h\000\040\000g\000i\000\341}{subsection.2.2}% 15
\BOOKMARK [3][-]{subsubsection.2.2.9}{\376\377\000N\000g\001\260\036\341\000n\000g\000\040\000t\000i\000n\000\040\000c\036\255\000y\000\040\000c\000h\000o\000\040\000l\036\333\000p\000\040\000U\000n\000k\000n\000o\000w\000n}{subsection.2.2}% 16
\BOOKMARK [1][-]{section.3}{\376\377\000S\000y\000s\000t\000e\000m\000\040\000A\000r\000c\000h\000i\000t\000e\000c\000t\000u\000r\000e}{}% 17
\BOOKMARK [2][-]{subsection.3.1}{\376\377\000T\036\325\000n\000g\000\040\000q\000u\000a\000n\000\040\000k\000i\036\277\000n\000\040\000t\000r\000\372\000c\000\040\000h\036\307\000\040\000t\000h\036\321\000n\000g}{section.3}% 18
\BOOKMARK [2][-]{subsection.3.2}{\376\377\000M\000o\000d\000u\000l\000e\000\040\000p\000h\036\247\000n\000\040\000c\036\351\000n\000g\000:\000\040\000S\000o\000u\000n\000d\000D\000e\000t\000e\000c\000t\000o\000r\000\040\000\050\000U\000S\000B\000\040\000V\000A\000D\000/\000D\000O\000A\000\051}{section.3}% 19
\BOOKMARK [3][-]{subsubsection.3.2.1}{\376\377\000M\000\364\000\040\000t\036\243\000\040\000c\000h\036\351\000c\000\040\000n\001\003\000n\000g}{subsection.3.2}% 20
\BOOKMARK [3][-]{subsubsection.3.2.2}{\376\377\000G\000i\000a\000o\000\040\000t\000i\036\277\000p\000\040\000U\000S\000B}{subsection.3.2}% 21
\BOOKMARK [2][-]{subsection.3.3}{\376\377\000M\000o\000d\000u\000l\000e\000\040\000D\000S\000P\000\040\000P\000r\000o\000c\000e\000s\000s\000o\000r\000:\000\040\000A\000u\000d\000i\000o\000P\000r\000o\000c\000e\000s\000s\000o\000r}{section.3}% 22
\BOOKMARK [3][-]{subsubsection.3.3.1}{\376\377\000M\000\364\000\040\000t\036\243\000\040\000c\000h\036\351\000c\000\040\000n\001\003\000n\000g}{subsection.3.3}% 23
\BOOKMARK [3][-]{subsubsection.3.3.2}{\376\377\000P\000i\000p\000e\000l\000i\000n\000e\000\040\000x\036\355\000\040\000l\000\375}{subsection.3.3}% 24
\BOOKMARK [2][-]{subsection.3.4}{\376\377\000M\000o\000d\000u\000l\000e\000\040\000A\000I\000\040\000C\000l\000a\000s\000s\000i\000f\000i\000e\000r\000:\000\040\000A\000u\000d\000i\000o\000C\000l\000a\000s\000s\000i\000f\000i\000e\000r}{section.3}% 25
\BOOKMARK [3][-]{subsubsection.3.4.1}{\376\377\000M\000\364\000\040\000t\036\243\000\040\000c\000h\036\351\000c\000\040\000n\001\003\000n\000g}{subsection.3.4}% 26
\BOOKMARK [3][-]{subsubsection.3.4.2}{\376\377\000P\000o\000s\000t\000-\000p\000r\000o\000c\000e\000s\000s\000i\000n\000g\000\040\000v\000\340\000\040\036\325\000n\000\040\001\021\036\313\000n\000h\000\040\000t\000h\000e\000o\000\040\000t\000h\036\335\000i\000\040\000g\000i\000a\000n}{subsection.3.4}% 27
\BOOKMARK [2][-]{subsection.3.5}{\376\377\000M\000o\000d\000u\000l\000e\000\040\000I\000n\000t\000e\000g\000r\000a\000t\000i\000o\000n\000\040\000P\000i\000p\000e\000l\000i\000n\000e\000:\000\040\000S\000m\000a\000r\000t\000A\000u\000d\000i\000o\000S\000y\000s\000t\000e\000m}{section.3}% 28
\BOOKMARK [3][-]{subsubsection.3.5.1}{\376\377\000M\000\364\000\040\000t\036\243\000\040\000c\000h\036\351\000c\000\040\000n\001\003\000n\000g}{subsection.3.5}% 29
\BOOKMARK [3][-]{subsubsection.3.5.2}{\376\377\000Q\000u\036\243\000n\000\040\000l\000\375\000\040\000l\000u\036\323\000n\000g\000\040\000x\036\355\000\040\000l\000\375}{subsection.3.5}% 30
\BOOKMARK [2][-]{subsection.3.6}{\376\377\000M\000o\000d\000u\000l\000e\000\040\000U\000s\000e\000r\000\040\000I\000n\000t\000e\000r\000f\000a\000c\000e}{section.3}% 31
\BOOKMARK [3][-]{subsubsection.3.6.1}{\376\377\000G\000U\000I}{subsection.3.6}% 32
\BOOKMARK [3][-]{subsubsection.3.6.2}{\376\377\000C\000L\000I}{subsection.3.6}% 33
\BOOKMARK [1][-]{section.4}{\376\377\000I\000m\000p\000l\000e\000m\000e\000n\000t\000a\000t\000i\000o\000n}{}% 34
\BOOKMARK [2][-]{subsection.4.1}{\376\377\000C\036\245\000u\000\040\000t\000r\000\372\000c\000\040\000m\000\343\000\040\000n\000g\000u\036\323\000n}{section.4}% 35
\BOOKMARK [3][-]{subsubsection.4.1.1}{\376\377\000T\036\325\000n\000g\000\040\000q\000u\000a\000n\000\040\000t\036\325\000\040\000c\000h\036\351\000c\000\040\000c\000o\000d\000e}{subsection.4.1}% 36
\BOOKMARK [3][-]{subsubsection.4.1.2}{\376\377\000C\000h\000i\000\040\000t\000i\036\277\000t\000\040\000c\000\341\000c\000\040\000m\000o\000d\000u\000l\000e\000\040\000c\000h\000\355\000n\000h}{subsection.4.1}% 37
\BOOKMARK [2][-]{subsection.4.2}{\376\377\000P\000i\000p\000e\000l\000i\000n\000e\000\040\000t\000\355\000c\000h\000\040\000h\036\343\000p\000\040\000t\000r\000o\000n\000g\000\040\000s\000m\000a\000r\000t\000\137\000a\000u\000d\000i\000o\000\137\000p\000i\000p\000e\000l\000i\000n\000e\000.\000p\000y}{section.4}% 38
\BOOKMARK [3][-]{subsubsection.4.2.1}{\376\377\000L\000u\036\323\000n\000g\000\040\000x\036\355\000\040\000l\000\375\000\040\000t\000r\000o\000n\000g\000\040\000p\000r\000o\000c\000e\000s\000s\000\137\000a\000n\000d\000\137\000p\000r\000e\000d\000i\000c\000t\000\050\000\051}{subsection.4.2}% 39
\BOOKMARK [3][-]{subsubsection.4.2.2}{\376\377\000P\000s\000e\000u\000d\000o\000-\000c\000o\000d\000e\000\040\000t\000r\000i\036\303\000n\000\040\000k\000h\000a\000i}{subsection.4.2}% 40
\BOOKMARK [3][-]{subsubsection.4.2.3}{\376\377\001\020\036\313\000n\000h\000\040\000d\036\241\000n\000g\000\040\000s\000t\000a\000t\000e\000\040\000t\000r\036\243\000\040\000v\036\301}{subsection.4.2}% 41
\BOOKMARK [3][-]{subsubsection.4.2.4}{\376\377\000C\001\241\000\040\000c\000h\036\277\000\040\000r\000e\000a\000l\000t\000i\000m\000e\000\040\000t\000r\000o\000n\000g\000\040\000G\000U\000I\000\040\000\050\000t\000h\000r\000e\000a\000d\000\040\000+\000\040\000q\000u\000e\000u\000e\000\051}{subsection.4.2}% 42
\BOOKMARK [3][-]{subsubsection.4.2.5}{\376\377\000D\036\353\000n\000g\000/\000c\000h\036\241\000y\000\040\000l\036\241\000i\000\040\000a\000n\000\040\000t\000o\000\340\000n}{subsection.4.2}% 43
\BOOKMARK [2][-]{subsection.4.3}{\376\377\000H\000i\036\307\000n\000\040\000t\000h\036\361\000c\000\040\000b\036\331\000\040\000x\036\355\000\040\000l\000\375\000\040\000\342\000m\000\040\000t\000h\000a\000n\000h}{section.4}% 44
\BOOKMARK [3][-]{subsubsection.4.3.1}{\376\377\000P\000h\001\260\001\241\000n\000g\000\040\000t\000h\036\351\000c\000\040\000k\000h\036\337\000i\000\040\000t\036\241\000o\000:\000\137\000\137\000i\000n\000i\000t\000\137\000\137}{subsection.4.3}% 45
\BOOKMARK [3][-]{subsubsection.4.3.2}{\376\377\000P\000h\001\260\001\241\000n\000g\000\040\000t\000h\036\351\000c\000\040\000a\000p\000p\000l\000y\000\137\000b\000a\000n\000d\000p\000a\000s\000s\000\050\000c\000h\000u\000n\000k\000\051}{subsection.4.3}% 46
\BOOKMARK [3][-]{subsubsection.4.3.3}{\376\377\000P\000h\001\260\001\241\000n\000g\000\040\000t\000h\036\351\000c\000\040\000a\000p\000p\000l\000y\000\137\000s\000p\000e\000c\000t\000r\000a\000l\000\137\000g\000a\000t\000e\000\050\000c\000h\000u\000n\000k\000\051}{subsection.4.3}% 47
\BOOKMARK [3][-]{subsubsection.4.3.4}{\376\377\000P\000h\001\260\001\241\000n\000g\000\040\000t\000h\036\351\000c\000\040\000a\000p\000p\000l\000y\000\137\000a\000g\000c\000\050\000c\000h\000u\000n\000k\000\051}{subsection.4.3}% 48
\BOOKMARK [3][-]{subsubsection.4.3.5}{\376\377\000P\000h\001\260\001\241\000n\000g\000\040\000t\000h\036\351\000c\000\040\000p\000r\000o\000c\000e\000s\000s\000\050\000c\000h\000u\000n\000k\000\051}{subsection.4.3}% 49
\BOOKMARK [3][-]{subsubsection.4.3.6}{\376\377\000P\000h\001\260\001\241\000n\000g\000\040\000t\000h\036\351\000c\000\040\000r\000e\000s\000e\000t\000\137\000s\000t\000a\000t\000e\000s\000\050\000\051}{subsection.4.3}% 50
\BOOKMARK [2][-]{subsection.4.4}{\376\377\000H\000i\036\307\000n\000\040\000t\000h\036\361\000c\000\040\000m\000\364\000\040\000h\000\354\000n\000h\000\040\000h\036\315\000c\000\040\000m\000\341\000y}{section.4}% 51
\BOOKMARK [3][-]{subsubsection.4.4.1}{\376\377\000T\000i\036\301\000n\000\040\000x\036\355\000\040\000l\000\375\000\040\000d\036\357\000\040\000l\000i\036\307\000u}{subsection.4.4}% 52
\BOOKMARK [3][-]{subsubsection.4.4.2}{\376\377\000H\000u\036\245\000n\000\040\000l\000u\000y\036\307\000n\000\040\000m\000\364\000\040\000h\000\354\000n\000h}{subsection.4.4}% 53
\BOOKMARK [3][-]{subsubsection.4.4.3}{\376\377\000S\000u\000y\000\040\000l\000u\036\255\000n\000\040\000t\000h\036\335\000i\000\040\000g\000i\000a\000n\000\040\000t\000h\036\361\000c}{subsection.4.4}% 54
\BOOKMARK [3][-]{subsubsection.4.4.4}{\376\377\000H\036\255\000u\000\040\000x\036\355\000\040\000l\000\375\000\040\000t\000h\000e\000o\000\040\000t\000h\036\335\000i\000\040\000g\000i\000a\000n\000:}{subsection.4.4}% 55
\BOOKMARK [1][-]{section.5}{\376\377\000K\036\277\000t\000\040\000q\000u\036\243\000\040\000k\000i\036\303\000m\000\040\000t\000h\036\355\000\040\000\046\000\040\001\020\000\341\000n\000h\000\040\000g\000i\000\341}{}% 56
\BOOKMARK [2][-]{subsection.5.1}{\376\377\000K\000i\036\303\000m\000\040\000t\000h\036\355\000\040\000b\036\331\000\040\000x\036\355\000\040\000l\000\375\000\040\000\342\000m\000\040\000t\000h\000a\000n\000h}{section.5}% 57
\BOOKMARK [2][-]{subsection.5.2}{\376\377\000K\000i\036\303\000m\000\040\000t\000h\036\355\000\040\000m\000\364\000\040\000h\000\354\000n\000h\000\040\000h\036\315\000c\000\040\000m\000\341\000y}{section.5}% 58
\BOOKMARK [3][-]{subsubsection.5.2.1}{\376\377\000S\000t\000a\000b\000i\000l\000i\000t\000y}{subsection.5.2}% 59
\BOOKMARK [3][-]{subsubsection.5.2.2}{\376\377\000C\000o\000n\000f\000i\000d\000e\000n\000c\000e}{subsection.5.2}% 60
\BOOKMARK [1][-]{section.6}{\376\377\000K\036\277\000t\000\040\000l\000u\036\255\000n}{}% 61
\BOOKMARK [2][-]{subsection.6.1}{\376\377\000T\000\363\000m\000\040\000t\036\257\000t\000\040\000k\036\277\000t\000\040\000q\000u\036\243\000\040\001\021\036\241\000t\000\040\001\021\001\260\036\343\000c}{section.6}% 62
\BOOKMARK [2][-]{subsection.6.2}{\376\377\001\020\000\341\000n\000h\000\040\000g\000i\000\341\000\040\000h\000i\036\307\000u\000\040\000s\000u\036\245\000t\000\040\000v\000\340\000\040\001\260\000u\000\040\001\021\000i\036\303\000m}{section.6}% 63
\BOOKMARK [2][-]{subsection.6.3}{\376\377\000N\000h\036\357\000n\000g\000\040\000h\036\241\000n\000\040\000c\000h\036\277}{section.6}% 64
\BOOKMARK [2][-]{subsection.6.4}{\376\377\000H\001\260\036\333\000n\000g\000\040\000p\000h\000\341\000t\000\040\000t\000r\000i\036\303\000n\000\040\000t\001\260\001\241\000n\000g\000\040\000l\000a\000i}{section.6}% 65
\BOOKMARK [2][-]{subsection.6.5}{\376\377\000K\036\277\000t\000\040\000l\000u\036\255\000n\000\040\000c\000u\036\321\000i\000\040\000c\000\371\000n\000g}{section.6}% 66
